C51 COMPILER V9.60.0.0   ADC                                                               04/07/2023 21:20:53 PAGE 1   


C51 COMPILER V9.60.0.0, COMPILATION OF MODULE ADC
OBJECT MODULE PLACED IN ..\adc.obj
COMPILER INVOKED BY: D:\software\keil\C51\BIN\C51.EXE ..\sourse\adc.c OPTIMIZE(8,SPEED) BROWSE INCDIR(..\sourse) DEBUG O
                    -BJECTEXTEND PRINT(.\Listings\adc.lst) TABS(2) OBJECT(..\adc.obj)

line level    source

   1          #include "head.h"
   2          
   3          unsigned int adc_volt;
   4          
   5          
   6          void dat_output(unsigned char dat)
   7          {
   8   1        I2CStart();
   9   1        
  10   1        I2CSendByte(0x90);
  11   1        I2CWaitAck();
  12   1        I2CSendByte(0x40);
  13   1        I2CWaitAck();
  14   1        I2CSendByte(dat);
  15   1        I2CWaitAck();
  16   1        
  17   1        I2CStop();
  18   1      }
  19          
  20          
  21          
  22          
  23          
  24          
  25          
  26          
  27          unsigned char read_adc()
  28          {
  29   1        unsigned int dat;
  30   1        I2CStart();
  31   1        
  32   1        I2CSendByte(0x90);
  33   1        I2CWaitAck();
  34   1        
  35   1        I2CSendByte(0x41);
  36   1        I2CWaitAck();
  37   1        
  38   1        I2CStart();
  39   1        I2CSendByte(0x91);
  40   1        I2CWaitAck();
  41   1        
  42   1        dat = I2CReceiveByte();
  43   1        I2CWaitAck();
  44   1        
  45   1        I2CStop();
  46   1        
  47   1        return dat;
  48   1      }
  49          
  50          
  51          
  52          void adc_switch()
  53          {
  54   1        unsigned int dat_switch;
C51 COMPILER V9.60.0.0   ADC                                                               04/07/2023 21:20:53 PAGE 2   

  55   1        
  56   1        dat_switch = read_adc();
  57   1        adc_volt = dat_switch * 500 / 255;
  58   1      }


MODULE INFORMATION:   STATIC OVERLAYABLE
   CODE SIZE        =    102    ----
   CONSTANT SIZE    =   ----    ----
   XDATA SIZE       =   ----    ----
   PDATA SIZE       =   ----    ----
   DATA SIZE        =      2       3
   IDATA SIZE       =   ----    ----
   BIT SIZE         =   ----    ----
END OF MODULE INFORMATION.


C51 COMPILATION COMPLETE.  0 WARNING(S),  0 ERROR(S)
