C51 COMPILER V9.60.0.0   DS1302                                                            04/07/2023 21:20:53 PAGE 1   


C51 COMPILER V9.60.0.0, COMPILATION OF MODULE DS1302
OBJECT MODULE PLACED IN ..\ds1302.obj
COMPILER INVOKED BY: D:\software\keil\C51\BIN\C51.EXE ..\sourse\ds1302.c OPTIMIZE(8,SPEED) BROWSE INCDIR(..\sourse) DEBU
                    -G OBJECTEXTEND PRINT(.\Listings\ds1302.lst) TABS(2) OBJECT(..\ds1302.obj)

line level    source

   1          #include "head.h"
   2          
   3          
   4          unsigned char Write_adr[7]={0x80,0x82,0x84,0x86,0x88,0x8a,0x8c};
   5          unsigned char Read_adr[7]={0x81,0x83,0x85,0x87,0x89,0x8b,0x8d}; 
   6          unsigned char Timer[7]={0x29,0x59,0x23,0x01,0x01,0x01,0x23};
*** WARNING C231 IN LINE 6 OF ..\sourse\ds1302.c: 'Timer': redefinition
   7          
   8          
   9          void write_ds1302()
  10          {
  11   1        static unsigned char i;
  12   1        Write_Ds1302_Byte(0x8e,0x00);
  13   1        
  14   1        for(i=0;i<7;i++)
  15   1        {
  16   2          Write_Ds1302_Byte(Write_adr[i],Timer[i]);
  17   2        }
  18   1        Write_Ds1302_Byte(0x8e,0x80);
  19   1        
  20   1      }
  21          
  22          
  23          void read_ds1302()
  24          {
  25   1        static unsigned char i;
  26   1        
  27   1        for(i=0;i<7;i++)
  28   1        {
  29   2          Timer[i] = Read_Ds1302_Byte (Read_adr[i]);
  30   2        }
  31   1      }


MODULE INFORMATION:   STATIC OVERLAYABLE
   CODE SIZE        =     85    ----
   CONSTANT SIZE    =   ----    ----
   XDATA SIZE       =   ----    ----
   PDATA SIZE       =   ----    ----
   DATA SIZE        =     23    ----
   IDATA SIZE       =   ----    ----
   BIT SIZE         =   ----    ----
END OF MODULE INFORMATION.


C51 COMPILATION COMPLETE.  1 WARNING(S),  0 ERROR(S)
