C51 COMPILER V9.60.0.0   DS1302CONFIG                                                      04/07/2023 21:20:53 PAGE 1   


C51 COMPILER V9.60.0.0, COMPILATION OF MODULE DS1302CONFIG
OBJECT MODULE PLACED IN ..\ds1302config.obj
COMPILER INVOKED BY: D:\software\keil\C51\BIN\C51.EXE ..\sourse\ds1302config.c OPTIMIZE(8,SPEED) BROWSE INCDIR(..\sourse
                    -) DEBUG OBJECTEXTEND PRINT(.\Listings\ds1302config.lst) TABS(2) OBJECT(..\ds1302config.obj)

line level    source

   1          #include "head.h"           
   2          
   3          
   4          
   5          
   6          void Write_Ds1302(unsigned  char temp) 
   7          {
   8   1        unsigned char i;
   9   1        for (i=0;i<8;i++)       
  10   1        { 
  11   2          SCK = 0;
  12   2          sda = temp&0x01;
  13   2          temp>>=1; 
  14   2          SCK=1;
  15   2        }
  16   1      }   
  17          
  18          //
  19          void Write_Ds1302_Byte( unsigned char address,unsigned char dat )     
  20          {
  21   1        RST=0;  _nop_();
  22   1        SCK=0;  _nop_();
  23   1        RST=1;  _nop_();  
  24   1        Write_Ds1302(address);  
  25   1        Write_Ds1302(dat);    
  26   1        RST=0; 
  27   1      }
  28          
  29          //
  30          unsigned char Read_Ds1302_Byte ( unsigned char address )
  31          {
  32   1        unsigned char i,temp=0x00;
  33   1        RST=0;  _nop_();
  34   1        SCK=0;  _nop_();
  35   1        RST=1;  _nop_();
  36   1        Write_Ds1302(address);
  37   1        for (i=0;i<8;i++)   
  38   1        {   
  39   2          SCK=0;
  40   2          temp>>=1; 
  41   2          if(sda)
  42   2          temp|=0x80; 
  43   2          SCK=1;
  44   2        } 
  45   1        RST=0;  _nop_();
  46   1        SCK=0;  _nop_();
  47   1        SCK=1;  _nop_();
  48   1        sda=0;  _nop_();
  49   1        sda=1;  _nop_();
  50   1        return (temp);      
  51   1      }


MODULE INFORMATION:   STATIC OVERLAYABLE
C51 COMPILER V9.60.0.0   DS1302CONFIG                                                      04/07/2023 21:20:53 PAGE 2   

   CODE SIZE        =    109    ----
   CONSTANT SIZE    =   ----    ----
   XDATA SIZE       =   ----    ----
   PDATA SIZE       =   ----    ----
   DATA SIZE        =   ----    ----
   IDATA SIZE       =   ----    ----
   BIT SIZE         =   ----    ----
END OF MODULE INFORMATION.


C51 COMPILATION COMPLETE.  0 WARNING(S),  0 ERROR(S)
