C51 COMPILER V9.60.0.0   DS18B20                                                           04/07/2023 21:20:53 PAGE 1   


C51 COMPILER V9.60.0.0, COMPILATION OF MODULE DS18B20
OBJECT MODULE PLACED IN ..\ds18b20.obj
COMPILER INVOKED BY: D:\software\keil\C51\BIN\C51.EXE ..\sourse\ds18b20.c OPTIMIZE(8,SPEED) BROWSE INCDIR(..\sourse) DEB
                    -UG OBJECTEXTEND PRINT(.\Listings\ds18b20.lst) TABS(2) OBJECT(..\ds18b20.obj)

line level    source

   1          #include "head.h"
   2          
   3          unsigned int temp;
   4          
   5          
   6          
   7          void ds18b20_config()
   8          {
   9   1        unsigned char LSB,HSB;
  10   1        EA = 0;
  11   1        init_ds18b20();
  12   1        EA = 1;
  13   1        
  14   1        Write_DS18B20(0xcc);
  15   1        Write_DS18B20(0x44);
  16   1        
  17   1        Delay_OneWire(1000);
  18   1        
  19   1        EA = 0;
  20   1        init_ds18b20();
  21   1        EA = 1;
  22   1        
  23   1        Write_DS18B20(0xcc);
  24   1        Write_DS18B20(0xbe);
  25   1        
  26   1        LSB = Read_DS18B20();
  27   1        HSB = Read_DS18B20();
  28   1        
  29   1        temp = HSB;
  30   1        temp = (temp << 8) | LSB;
  31   1        
  32   1        if((temp & 0x800) == 0x0000)
  33   1        {
  34   2          temp >>= 4;
  35   2          temp = temp * 10;
  36   2          temp = temp + (LSB & 0x0f) * 0.625;
  37   2        }
  38   1      }
  39          
  40          
  41          
  42          
  43          
  44          
  45          
  46          
  47          
  48          
  49          
  50          
  51          
  52          
  53          
  54          
C51 COMPILER V9.60.0.0   DS18B20                                                           04/07/2023 21:20:53 PAGE 2   

  55          
  56          
  57          
  58          
  59          
  60          
  61          
  62          
  63          
  64          
  65          
  66          
  67          
  68          
  69          
  70          
  71          
  72          
  73          
  74          
  75          


MODULE INFORMATION:   STATIC OVERLAYABLE
   CODE SIZE        =    151    ----
   CONSTANT SIZE    =   ----    ----
   XDATA SIZE       =   ----    ----
   PDATA SIZE       =   ----    ----
   DATA SIZE        =      2       1
   IDATA SIZE       =   ----    ----
   BIT SIZE         =   ----    ----
END OF MODULE INFORMATION.


C51 COMPILATION COMPLETE.  0 WARNING(S),  0 ERROR(S)
