C51 COMPILER V9.60.0.0   HC138                                                             04/07/2023 21:20:53 PAGE 1   


C51 COMPILER V9.60.0.0, COMPILATION OF MODULE HC138
OBJECT MODULE PLACED IN ..\hc138.obj
COMPILER INVOKED BY: D:\software\keil\C51\BIN\C51.EXE ..\sourse\hc138.c OPTIMIZE(8,SPEED) BROWSE INCDIR(..\sourse) DEBUG
                    - OBJECTEXTEND PRINT(.\Listings\hc138.lst) TABS(2) OBJECT(..\hc138.obj)

line level    source

   1          #include "head.h"
   2          
   3          
   4          
   5          
   6          
   7          void delay_138(unsigned int t)
   8          {
   9   1        while(t--);
  10   1      }
  11          
  12          
  13          
  14          
  15          
  16          void HC138_config(unsigned char n)
  17          {
  18   1        switch(n)
  19   1        {
  20   2          case 4:
  21   2            P2 = (P2 & 0x1f) | 0x80;
  22   2          break;
  23   2          
  24   2          case 5:
  25   2            P2 = (P2 & 0x1f) | 0xa0;
  26   2          break;
  27   2              
  28   2          case 6:
  29   2            P2 = (P2 & 0x1f) | 0xc0;
  30   2          break;
  31   2                  
  32   2          case 7:
  33   2            P2 = (P2 & 0x1f) | 0xe0;
  34   2          break;
  35   2                      
  36   2          case 0:
  37   2            P2 = (P2 & 0x1f) | 0x00;
  38   2          break;
  39   2        }
  40   1      }
  41          
  42          
  43          
  44          
  45          
  46          void SMG_config(unsigned char adr,unsigned char dat)
  47          {
  48   1        P0 = 0XFF;
  49   1        HC138_config(6);
  50   1        P0 = adr;
  51   1        
  52   1        
  53   1        delay_138(1);
  54   1        HC138_config(7);
C51 COMPILER V9.60.0.0   HC138                                                             04/07/2023 21:20:53 PAGE 2   

  55   1        P0 = dat;
  56   1        
  57   1      }
  58          
  59          
  60          
  61          
  62          
  63          
  64          
  65          
  66          
  67          
  68          


MODULE INFORMATION:   STATIC OVERLAYABLE
   CODE SIZE        =     95    ----
   CONSTANT SIZE    =   ----    ----
   XDATA SIZE       =   ----    ----
   PDATA SIZE       =   ----    ----
   DATA SIZE        =   ----    ----
   IDATA SIZE       =   ----    ----
   BIT SIZE         =   ----    ----
END OF MODULE INFORMATION.


C51 COMPILATION COMPLETE.  0 WARNING(S),  0 ERROR(S)
