C51 COMPILER V9.60.0.0   KEY                                                               04/07/2023 21:20:53 PAGE 1   


C51 COMPILER V9.60.0.0, COMPILATION OF MODULE KEY
OBJECT MODULE PLACED IN ..\key.obj
COMPILER INVOKED BY: D:\software\keil\C51\BIN\C51.EXE ..\sourse\key.c OPTIMIZE(8,SPEED) BROWSE INCDIR(..\sourse) DEBUG O
                    -BJECTEXTEND PRINT(.\Listings\key.lst) TABS(2) OBJECT(..\key.obj)

line level    source

   1          #include "head.h"
   2          
   3          void key_s(unsigned char n)
   4          {
   5   1        switch(n)
   6   1        {
   7   2          case 1:
   8   2            R1 = 0;
   9   2            R2 = R3 = R4 = 1;
  10   2            C1 = C2 = C3 = C4 = 1;
  11   2          break;
  12   2          
  13   2          case 2:
  14   2            R2 = 0;
  15   2            R1 = R3 = R4 = 1;
  16   2            C1 = C2 = C3 = C4 = 1;
  17   2          break;
  18   2              
  19   2          case 3:
  20   2            R3 = 0;
  21   2            R1 = R2 = R4 = 1;
  22   2            C1 = C2 = C3 = C4 = 1;
  23   2          break;
  24   2                  
  25   2          case 4:
  26   2            R4 = 0;
  27   2            R1 = R2 = R3 = 1;
  28   2            C1 = C2 = C3 = C4 = 1;
  29   2          break;
  30   2        }
  31   1        
  32   1      
  33   1      }
  34          
  35          
  36          


MODULE INFORMATION:   STATIC OVERLAYABLE
   CODE SIZE        =     62    ----
   CONSTANT SIZE    =   ----    ----
   XDATA SIZE       =   ----    ----
   PDATA SIZE       =   ----    ----
   DATA SIZE        =   ----    ----
   IDATA SIZE       =   ----    ----
   BIT SIZE         =   ----    ----
END OF MODULE INFORMATION.


C51 COMPILATION COMPLETE.  0 WARNING(S),  0 ERROR(S)
