C51 COMPILER V9.60.0.0   MAIN                                                              04/07/2023 21:22:09 PAGE 1   


C51 COMPILER V9.60.0.0, COMPILATION OF MODULE MAIN
OBJECT MODULE PLACED IN ..\main.obj
COMPILER INVOKED BY: D:\software\keil\C51\BIN\C51.EXE ..\sourse\main.c OPTIMIZE(8,SPEED) BROWSE INCDIR(..\sourse) DEBUG 
                    -OBJECTEXTEND PRINT(.\Listings\main.lst) TABS(2) OBJECT(..\main.obj)

line level    source

   1          #include "head.h"
   2          
   3          
   4          
   5          
   6          
   7          void main()
   8          {
   9   1        led_Init();
  10   1        
  11   1        write_ds1302();
  12   1        
  13   1      
  14   1        EA = 0;
  15   1        Timer0Init();
  16   1        UartInit();
  17   1        EA = 1;
  18   1        
  19   1        
  20   1      
  21   1        
  22   1        dat_output(10); 
  23   1        
  24   1        while(1)
  25   1        {
  26   2          ds18b20_config();
  27   2          read_ds1302();
  28   2          adc_switch();
  29   2          refer_key();
  30   2          menu_key();
  31   2          led_mode();
  32   2      
  33   2          
  34   2        }
  35   1      
  36   1      }
  37          
  38          
  39          
  40          
  41          


MODULE INFORMATION:   STATIC OVERLAYABLE
   CODE SIZE        =     41    ----
   CONSTANT SIZE    =   ----    ----
   XDATA SIZE       =   ----    ----
   PDATA SIZE       =   ----    ----
   DATA SIZE        =   ----    ----
   IDATA SIZE       =   ----    ----
   BIT SIZE         =   ----    ----
END OF MODULE INFORMATION.


C51 COMPILATION COMPLETE.  0 WARNING(S),  0 ERROR(S)
