C51 COMPILER V9.60.0.0   MENU                                                              04/07/2023 21:20:54 PAGE 1   


C51 COMPILER V9.60.0.0, COMPILATION OF MODULE MENU
OBJECT MODULE PLACED IN ..\menu.obj
COMPILER INVOKED BY: D:\software\keil\C51\BIN\C51.EXE ..\sourse\menu.c OPTIMIZE(8,SPEED) BROWSE INCDIR(..\sourse) DEBUG 
                    -OBJECTEXTEND PRINT(.\Listings\menu.lst) TABS(2) OBJECT(..\menu.obj)

line level    source

   1          #include "head.h"
   2          
   3          unsigned char Scon = 1;
   4          
   5          
   6          void Delay5ms()   //@12.000MHz
   7          {
   8   1        unsigned char i, j;
   9   1      
  10   1        i = 59;
  11   1        j = 90;
  12   1        do
  13   1        {
  14   2          while (--j);
  15   2        } while (--i);
  16   1      }
  17          
  18          
  19          
  20          
  21          
  22          
  23          
  24          void menu_Scon()
  25          {
  26   1        if(Scon == 1)
  27   1          DS18b20_show();
  28   1        else if(Scon == 2)
  29   1          ADC_show();
  30   1        else if(Scon == 3)
  31   1          ds1302_show();
  32   1        else if(Scon == 4)
  33   1          refer_show();
  34   1      }
  35          
  36          
  37          
  38          
  39          void menu_key()
  40          {
  41   1        key_s(4);
  42   1        if(C4 == 0)
  43   1        {
  44   2          Delay5ms();
  45   2          if(C4 == 0)
  46   2          {
  47   3            Scon ++;
  48   3            if(Scon == 5)
  49   3            Scon = 1;
  50   3          }
  51   2          while(C4 == 0);
  52   2        }
  53   1        
  54   1      
C51 COMPILER V9.60.0.0   MENU                                                              04/07/2023 21:20:54 PAGE 2   

  55   1      }
  56          
  57          
  58          
  59          void refer_key()
  60          {
  61   1        key_s(4);
  62   1        if(C1 == 0)
  63   1        {
  64   2          Delay5ms();
  65   2          if(C1 == 0)
  66   2          {
  67   3            refer ++;
  68   3            if(refer >= 99)
  69   3            refer = 99;
  70   3          }
  71   2          while(C1 == 0);
  72   2        }
  73   1        
  74   1        
  75   1        
  76   1        key_s(4);
  77   1        if(C2 == 0)
  78   1        {
  79   2          Delay5ms();
  80   2          if(C2 == 0)
  81   2          {
  82   3            refer --;
  83   3            if(refer <= 9)
  84   3            refer = 9;
  85   3          }
  86   2          while(C2 == 0);
  87   2        }
  88   1      
  89   1      }


MODULE INFORMATION:   STATIC OVERLAYABLE
   CODE SIZE        =    142    ----
   CONSTANT SIZE    =   ----    ----
   XDATA SIZE       =   ----    ----
   PDATA SIZE       =   ----    ----
   DATA SIZE        =      1    ----
   IDATA SIZE       =   ----    ----
   BIT SIZE         =   ----    ----
END OF MODULE INFORMATION.


C51 COMPILATION COMPLETE.  0 WARNING(S),  0 ERROR(S)
