C51 COMPILER V9.60.0.0   ONEWIRE                                                           04/07/2023 21:20:54 PAGE 1   


C51 COMPILER V9.60.0.0, COMPILATION OF MODULE ONEWIRE
OBJECT MODULE PLACED IN ..\onewire.obj
COMPILER INVOKED BY: D:\software\keil\C51\BIN\C51.EXE ..\sourse\onewire.c OPTIMIZE(8,SPEED) BROWSE INCDIR(..\sourse) DEB
                    -UG OBJECTEXTEND PRINT(.\Listings\onewire.lst) TABS(2) OBJECT(..\onewire.obj)

line level    source

   1          #include "head.h"
   2          
   3          
   4          
   5          
   6          
   7          
   8          void Delay_OneWire(unsigned int t)  
   9          {
  10   1        
  11   1        while(t--);
  12   1      
  13   1      }
  14          
  15          //
  16          void Write_DS18B20(unsigned char dat)
  17          {
  18   1        unsigned char i;
  19   1        for(i=0;i<8;i++)
  20   1        {
  21   2          DQ = 0;
  22   2          DQ = dat&0x01;
  23   2          Delay_OneWire(50);
  24   2          DQ = 1;
  25   2          dat >>= 1;
  26   2        }
  27   1        Delay_OneWire(50);
  28   1      }
  29          
  30          //
  31          unsigned char Read_DS18B20(void)
  32          {
  33   1        unsigned char i;
  34   1        unsigned char dat;
  35   1        
  36   1        for(i=0;i<8;i++)
  37   1        {
  38   2          DQ = 0;
  39   2          dat >>= 1;
  40   2          DQ = 1;
  41   2          if(DQ)
  42   2          {
  43   3            dat |= 0x80;
  44   3          }     
  45   2          Delay_OneWire(50);
  46   2        }
  47   1        return dat;
  48   1      }
  49          
  50          //
  51          bit init_ds18b20(void)
  52          {
  53   1          bit initflag = 0;
  54   1          
C51 COMPILER V9.60.0.0   ONEWIRE                                                           04/07/2023 21:20:54 PAGE 2   

  55   1          DQ = 1;
  56   1          Delay_OneWire(120);
  57   1          DQ = 0;
  58   1          Delay_OneWire(800);
  59   1          DQ = 1;
  60   1          Delay_OneWire(100); 
  61   1          initflag = DQ;     
  62   1          Delay_OneWire(50);
  63   1        
  64   1          return initflag;
  65   1      }


MODULE INFORMATION:   STATIC OVERLAYABLE
   CODE SIZE        =    128    ----
   CONSTANT SIZE    =   ----    ----
   XDATA SIZE       =   ----    ----
   PDATA SIZE       =   ----    ----
   DATA SIZE        =   ----    ----
   IDATA SIZE       =   ----    ----
   BIT SIZE         =   ----       1
END OF MODULE INFORMATION.


C51 COMPILATION COMPLETE.  0 WARNING(S),  0 ERROR(S)
