C51 COMPILER V9.60.0.0   TIMER                                                             04/07/2023 21:22:09 PAGE 1   


C51 COMPILER V9.60.0.0, COMPILATION OF MODULE TIMER
OBJECT MODULE PLACED IN ..\Timer.obj
COMPILER INVOKED BY: D:\software\keil\C51\BIN\C51.EXE ..\sourse\Timer.c OPTIMIZE(8,SPEED) BROWSE INCDIR(..\sourse) DEBUG
                    - OBJECTEXTEND PRINT(.\Listings\Timer.lst) TABS(2) OBJECT(..\Timer.obj)

line level    source

   1          #include "head.h"
   2          
   3          unsigned char busy;
   4          
   5          
   6          void Timer0Init()   //1毫秒@11.0592MHz
   7          {
   8   1        
   9   1        TMOD &= 0xF0;   //设置定时器模式
  10   1        TMOD |= 0x01;   //设置定时器模式
  11   1        
  12   1        TL0 = 0x18;   //设置定时初始值
  13   1        TH0 = 0xfc;   //设置定时初始值
  14   1        
  15   1        TF0 = 0;
  16   1      
  17   1        TR0 = 1;
  18   1        ET0 = 1;
  19   1      }
  20          
  21          
  22          
  23          
  24          
  25          
  26          
  27          
  28          void ServiceTimer0() interrupt 1
  29          {
  30   1        static unsigned int i = 0;
  31   1        static unsigned int i_flag = 0;
  32   1        TL0 = 0X18;   //设置定时初始值
  33   1        TH0 = 0XFC;   //设置定时初始值
  34   1        
  35   1        P0 = 0xff;
  36   1      
  37   1        HC138_config(4);
  38   1        if(temp / 10 >= refer)
  39   1        {
  40   2        i++;
  41   2        if(i >= 100)
  42   2        {
  43   3          
  44   3          i = 0;
  45   3          i_flag = ~i_flag;
  46   3          if(i_flag)
  47   3            led_config(3,0);
  48   3          else
  49   3            led_config(3,1);
  50   3        }
  51   2        }
  52   1        else
  53   1        led_config(3,0);
  54   1        
C51 COMPILER V9.60.0.0   TIMER                                                             04/07/2023 21:22:09 PAGE 2   

  55   1        led_uart();
*** WARNING C209 IN LINE 55 OF ..\sourse\Timer.c: '_led_uart': too few actual parameters
  56   1        
  57   1        HC138_config(0);//可防止led灯暗淡
  58   1      
  59   1        
  60   1        menu_Scon();
  61   1        
  62   1        
  63   1      }
  64          
  65          
  66          
  67          
  68          
  69          
  70          
  71          
  72          
  73          
  74          
  75          
  76          
  77          
  78          
  79          
  80          
  81          
  82          
  83          
  84          
  85          
  86          
  87          
  88          unsigned char uart_dat;
  89          unsigned char flag;
  90          unsigned char busy;
  91          
  92          
  93          void UartInit()   //9600bps@12.000MHz定时器1
  94          {
  95   1        SCON = 0x50;    //8位数据,可变波特率
  96   1        AUXR |= 0x40;   //定时器时钟1T模式
  97   1        AUXR &= 0xFE;   //串口1选择定时器1为波特率发生器
  98   1        TMOD &= 0x0F;   //设置定时器模式
  99   1        TL1 = 0xC7;   //设置定时初始值
 100   1        TH1 = 0xFE;   //设置定时初始值
 101   1        ET1 = 0;    //禁止定时器%d中断
 102   1        TR1 = 1;    //定时器1开始计时
 103   1        EA = 1;
 104   1        ES = 1;
 105   1      }
 106          
 107          
 108          
 109          void Uart() interrupt 4
 110          {
 111   1          if (RI)
 112   1          {
 113   2              RI = 0;                 //清除RI位
 114   2              uart_dat = SBUF;              //P0显示串口数据
 115   2              flag = 1;           //标志位
C51 COMPILER V9.60.0.0   TIMER                                                             04/07/2023 21:22:09 PAGE 3   

 116   2          }
 117   1          if (TI)
 118   1          {
 119   2              TI = 0;                 //清除TI位
 120   2              busy = 0;               //清忙标志
 121   2          }
 122   1      }
 123          
 124          
 125          
 126          
 127          void SendData(unsigned char dat)
 128          {
 129   1          while (busy);               //等待前面的数据发送完成
 130   1          busy = 1;
 131   1          SBUF = dat;                 //写数据到UART数据寄存器
 132   1      }
 133          
 134          
 135          void SendString(char *s)
 136          {
 137   1          while (*s)                  //检测字符串结束标志
 138   1          {
 139   2              SendData(*s++);         //发送当前字符
 140   2          }
 141   1      }
 142          
 143          
 144          


MODULE INFORMATION:   STATIC OVERLAYABLE
   CODE SIZE        =    263    ----
   CONSTANT SIZE    =   ----    ----
   XDATA SIZE       =   ----    ----
   PDATA SIZE       =   ----    ----
   DATA SIZE        =      7       3
   IDATA SIZE       =   ----    ----
   BIT SIZE         =   ----    ----
END OF MODULE INFORMATION.


C51 COMPILATION COMPLETE.  1 WARNING(S),  0 ERROR(S)
