C51 COMPILER V9.60.0.0   UART                                                              04/07/2023 21:20:54 PAGE 1   


C51 COMPILER V9.60.0.0, COMPILATION OF MODULE UART
OBJECT MODULE PLACED IN ..\uart.obj
COMPILER INVOKED BY: D:\software\keil\C51\BIN\C51.EXE ..\sourse\uart.c OPTIMIZE(8,SPEED) BROWSE INCDIR(..\sourse) DEBUG 
                    -OBJECTEXTEND PRINT(.\Listings\uart.lst) TABS(2) OBJECT(..\uart.obj)

line level    source

   1          #include "head.h"
   2          
   3          
   4          void led_mode()
   5          {
   6   1        if(flag)
   7   1        {
   8   2          if(uart_dat == '1')
   9   2          {
  10   3            led_uart(5,1);
  11   3            SendString("led\r\n");
  12   3          }
  13   2          else if(uart_dat == '2')
  14   2          {
  15   3            Scon = 1;
  16   3            SendString("temp\r\n");
  17   3          }
  18   2          flag = 0;
  19   2        }
  20   1        
  21   1      }
  22          
  23          
  24          void led_uart(unsigned char adr,unsigned char dat)
  25          {
  26   1        led_config(adr,dat);
  27   1      }
  28          
  29          
  30          


MODULE INFORMATION:   STATIC OVERLAYABLE
   CODE SIZE        =     48    ----
   CONSTANT SIZE    =     13    ----
   XDATA SIZE       =   ----    ----
   PDATA SIZE       =   ----    ----
   DATA SIZE        =   ----    ----
   IDATA SIZE       =   ----    ----
   BIT SIZE         =   ----    ----
END OF MODULE INFORMATION.


C51 COMPILATION COMPLETE.  0 WARNING(S),  0 ERROR(S)
